[debug] [2023-05-03T06:01:24.462Z] ----------------------------------------------------------------------
[debug] [2023-05-03T06:01:24.464Z] Command:       /home/manni/.nvm/versions/node/v14.21.3/bin/node /home/manni/.nvm/versions/node/v14.21.3/bin/firebase init
[debug] [2023-05-03T06:01:24.465Z] CLI Version:   11.29.1
[debug] [2023-05-03T06:01:24.465Z] Platform:      linux
[debug] [2023-05-03T06:01:24.465Z] Node Version:  v14.21.3
[debug] [2023-05-03T06:01:24.466Z] Time:          Wed May 03 2023 11:31:24 GMT+0530 (India Standard Time)
[debug] [2023-05-03T06:01:24.466Z] ----------------------------------------------------------------------
[debug] 
[debug] [2023-05-03T06:01:24.474Z] > command requires scopes: ["email","openid","https://www.googleapis.com/auth/cloudplatformprojects.readonly","https://www.googleapis.com/auth/firebase","https://www.googleapis.com/auth/cloud-platform"]
[debug] [2023-05-03T06:01:24.474Z] > authorizing via signed-in user (yogeshbakshi589@gmail.com)
[info] 
     ######## #### ########  ######## ########     ###     ######  ########
     ##        ##  ##     ## ##       ##     ##  ##   ##  ##       ##
     ######    ##  ########  ######   ########  #########  ######  ######
     ##        ##  ##    ##  ##       ##     ## ##     ##       ## ##
     ##       #### ##     ## ######## ########  ##     ##  ######  ########

You're about to initialize a Firebase project in this directory:

  /media/manni/DATA/REACT/react-tutorials

Before we get started, keep in mind:

  * You are currently outside your home directory

[info] 
=== Project Setup
[info] 
[info] First, let's associate this project directory with a Firebase project.
[info] You can create multiple project aliases by running firebase use --add, 
[info] but for now we'll just set up a default project.
[info] 
[info] i  If you want to create a project in a Google Cloud organization or folder, please use "firebase projects:create" instead, and return to this command when you've created the project. 
[debug] [2023-05-03T06:02:09.303Z] >>> [apiv2][query] POST https://cloudresourcemanager.googleapis.com/v1/projects [none]
[debug] [2023-05-03T06:02:09.305Z] >>> [apiv2][body] POST https://cloudresourcemanager.googleapis.com/v1/projects {"projectId":"useRef","name":"React-useref"}
[debug] [2023-05-03T06:02:11.115Z] <<< [apiv2][status] POST https://cloudresourcemanager.googleapis.com/v1/projects 400
[debug] [2023-05-03T06:02:11.115Z] <<< [apiv2][body] POST https://cloudresourcemanager.googleapis.com/v1/projects {"error":{"code":400,"message":"field [project_id] has issue [project_id contains invalid characters]","status":"INVALID_ARGUMENT","details":[{"@type":"type.googleapis.com/google.rpc.BadRequest","fieldViolations":[{"field":"project_id","description":"project_id contains invalid characters"}]},{"@type":"type.googleapis.com/google.rpc.Help","links":[{"url":"https://cloud.google.com/resource-manager/reference/rest/v1/projects"}]}]}}
[debug] [2023-05-03T06:02:11.510Z] FirebaseError: HTTP Error: 400, field [project_id] has issue [project_id contains invalid characters]
    at responseToError (/home/manni/.nvm/versions/node/v14.21.3/lib/node_modules/firebase-tools/lib/responseToError.js:49:12)
    at RetryOperation._fn (/home/manni/.nvm/versions/node/v14.21.3/lib/node_modules/firebase-tools/lib/apiv2.js:288:77)
    at processTicksAndRejections (internal/process/task_queues.js:95:5)
[error] 
[error] Error: Failed to create project. See firebase-debug.log for more info.
[debug] [2023-05-03T06:27:50.782Z] ----------------------------------------------------------------------
[debug] [2023-05-03T06:27:50.785Z] Command:       /home/manni/.nvm/versions/node/v14.21.3/bin/node /home/manni/.nvm/versions/node/v14.21.3/bin/firebase init
[debug] [2023-05-03T06:27:50.785Z] CLI Version:   11.29.1
[debug] [2023-05-03T06:27:50.786Z] Platform:      linux
[debug] [2023-05-03T06:27:50.786Z] Node Version:  v14.21.3
[debug] [2023-05-03T06:27:50.786Z] Time:          Wed May 03 2023 11:57:50 GMT+0530 (India Standard Time)
[debug] [2023-05-03T06:27:50.786Z] ----------------------------------------------------------------------
[debug] 
[debug] [2023-05-03T06:27:50.794Z] > command requires scopes: ["email","openid","https://www.googleapis.com/auth/cloudplatformprojects.readonly","https://www.googleapis.com/auth/firebase","https://www.googleapis.com/auth/cloud-platform"]
[debug] [2023-05-03T06:27:50.795Z] > authorizing via signed-in user (yogeshbakshi589@gmail.com)
[info] 
     ######## #### ########  ######## ########     ###     ######  ########
     ##        ##  ##     ## ##       ##     ##  ##   ##  ##       ##
     ######    ##  ########  ######   ########  #########  ######  ######
     ##        ##  ##    ##  ##       ##     ## ##     ##       ## ##
     ##       #### ##     ## ######## ########  ##     ##  ######  ########

You're about to initialize a Firebase project in this directory:

  /media/manni/DATA/REACT/react-tutorials

Before we get started, keep in mind:

  * You are currently outside your home directory

[info] 
=== Project Setup
[info] 
[info] First, let's associate this project directory with a Firebase project.
[info] You can create multiple project aliases by running firebase use --add, 
[info] but for now we'll just set up a default project.
[info] 
[info] i  If you want to create a project in a Google Cloud organization or folder, please use "firebase projects:create" instead, and return to this command when you've created the project. 
[debug] [2023-05-03T06:28:47.019Z] >>> [apiv2][query] POST https://cloudresourcemanager.googleapis.com/v1/projects [none]
[debug] [2023-05-03T06:28:47.020Z] >>> [apiv2][body] POST https://cloudresourcemanager.googleapis.com/v1/projects {"projectId":"react-useRef","name":"Animation"}
[debug] [2023-05-03T06:28:49.170Z] <<< [apiv2][status] POST https://cloudresourcemanager.googleapis.com/v1/projects 400
[debug] [2023-05-03T06:28:49.170Z] <<< [apiv2][body] POST https://cloudresourcemanager.googleapis.com/v1/projects {"error":{"code":400,"message":"field [project_id] has issue [project_id contains invalid characters]","status":"INVALID_ARGUMENT","details":[{"@type":"type.googleapis.com/google.rpc.BadRequest","fieldViolations":[{"field":"project_id","description":"project_id contains invalid characters"}]},{"@type":"type.googleapis.com/google.rpc.Help","links":[{"url":"https://cloud.google.com/resource-manager/reference/rest/v1/projects"}]}]}}
[debug] [2023-05-03T06:28:49.600Z] FirebaseError: HTTP Error: 400, field [project_id] has issue [project_id contains invalid characters]
    at responseToError (/home/manni/.nvm/versions/node/v14.21.3/lib/node_modules/firebase-tools/lib/responseToError.js:49:12)
    at RetryOperation._fn (/home/manni/.nvm/versions/node/v14.21.3/lib/node_modules/firebase-tools/lib/apiv2.js:288:77)
    at processTicksAndRejections (internal/process/task_queues.js:95:5)
[error] 
[error] Error: Failed to create project. See firebase-debug.log for more info.
